<?xml version="1.0" encoding="UTF-8"?>
<coverage generated="1630270055735" clover="3.2.0">
  <project timestamp="1630270055735" name="All files">
    <metrics statements="3" coveredstatements="3" conditionals="5" coveredconditionals="1" methods="1" coveredmethods="1" elements="9" coveredelements="5" complexity="0" loc="3" ncloc="3" packages="1" files="1" classes="1"/>
    <file name="dateChecker.ts" path="C:\Users\aeasi\Desktop\wp-automation\src\utils\dateChecker.ts">
      <metrics statements="3" coveredstatements="3" conditionals="5" coveredconditionals="1" methods="1" coveredmethods="1"/>
      <line num="2" count="1" type="stmt"/>
      <line num="3" count="1" type="stmt"/>
      <line num="4" count="1" type="stmt"/>
    </file>
  </project>
</coverage>
