{"C:\\Users\\aeasi\\Desktop\\wp-automation\\src\\utils\\dateChecker.ts": {"path":"C:\\Users\\aeasi\\Desktop\\wp-automation\\src\\utils\\dateChecker.ts","statementMap":{"0":{"start":{"line":2,"column":21},"end":{"line":2,"column":31}},"1":{"start":{"line":3,"column":21},"end":{"line":3,"column":35}},"2":{"start":{"line":4,"column":1},"end":{"line":10,"column":3}}},"fnMap":{"0":{"name":"checkDate","decl":{"start":{"line":1,"column":16},"end":{"line":1,"column":25}},"loc":{"start":{"line":1,"column":40},"end":{"line":11,"column":1}},"line":1}},"branchMap":{"0":{"loc":{"start":{"line":5,"column":2},"end":{"line":9,"column":57}},"type":"binary-expr","locations":[{"start":{"line":5,"column":2},"end":{"line":5,"column":55}},{"start":{"line":6,"column":2},"end":{"line":6,"column":55}},{"start":{"line":7,"column":2},"end":{"line":7,"column":51}},{"start":{"line":8,"column":2},"end":{"line":8,"column":49}},{"start":{"line":9,"column":2},"end":{"line":9,"column":57}}],"line":5}},"s":{"0":1,"1":1,"2":1},"f":{"0":1},"b":{"0":[1,0,0,0,0]},"_coverageSchema":"1a1c01bbd47fc00a2c39e90264f33305004495a9","hash":"4205a486283992fc78018cff84bada72150190bc"}
}
